<?xml version="1.0" encoding="UTF-8"?>
<testsuite name="TestApp1" tests="1" skipped="0" failures="0" errors="0" timestamp="2020-12-27T17:25:52" hostname="DESKTOP-1M87KGQ" time="3.239">
  <properties/>
  <testcase name="getAllVideo" classname="TestApp1" time="3.239"/>
  <system-out><![CDATA[172 Maldives VR 360 - 4K Video [12] null
]]></system-out>
  <system-err><![CDATA[]]></system-err>
</testsuite>
